<?xml version="1.0" encoding="UTF-8"?>
<testsuite xmlns:xsi="http://www.w3.org/2001/XMLSchema-instance" xsi:noNamespaceSchemaLocation="https://maven.apache.org/surefire/maven-surefire-plugin/xsd/surefire-test-report.xsd" version="3.0.1" name="features.JsonTest" time="20.029" tests="3" errors="0" skipped="0" failures="2">
  <properties>
[...]
</properties>
  <testcase name="[1:24] delete user" classname="features/deleteapi" time="13.105">
    <system-out><![CDATA[---------------------------------------------------------
feature: classpath:features/deleteapi.feature
scenarios:  1 | passed:  1 | failed:  0 | time: 6.6123
---------------------------------------------------------

]]></system-out>
  </testcase>
  <testcase name="[1:16] create a user using above data" classname="features/postapi" time="1.802">
    <failure message="status code was: 422, expected: 201, response time in milliseconds: 1404, url: https://gorest.co.in/public/v1/users, response: &#10;{&quot;meta&quot;:null,&quot;data&quot;:[{&quot;field&quot;:&quot;email&quot;,&quot;message&quot;:&quot;has already been taken&quot;}]}&#10;classpath:features/postapi.feature:21" type="org.opentest4j.AssertionFailedError"><![CDATA[org.opentest4j.AssertionFailedError: 
status code was: 422, expected: 201, response time in milliseconds: 1404, url: https://gorest.co.in/public/v1/users, response: 
{"meta":null,"data":[{"field":"email","message":"has already been taken"}]}
classpath:features/postapi.feature:21
	at com.intuit.karate.junit5.FeatureNode.lambda$next$1(FeatureNode.java:86)
	at java.base/java.util.stream.ForEachOps$ForEachOp$OfRef.accept(ForEachOps.java:184)
	at java.base/java.util.stream.ReferencePipeline$3$1.accept(ReferencePipeline.java:197)
	at java.base/java.util.stream.ReferencePipeline$2$1.accept(ReferencePipeline.java:179)
	at java.base/java.util.stream.ReferencePipeline$3$1.accept(ReferencePipeline.java:197)
	at java.base/java.util.Iterator.forEachRemaining(Iterator.java:133)
	at java.base/java.util.Spliterators$IteratorSpliterator.forEachRemaining(Spliterators.java:1939)
	at java.base/java.util.stream.AbstractPipeline.copyInto(AbstractPipeline.java:509)
	at java.base/java.util.stream.AbstractPipeline.wrapAndCopyInto(AbstractPipeline.java:499)
	at java.base/java.util.stream.ForEachOps$ForEachOp.evaluateSequential(ForEachOps.java:151)
	at java.base/java.util.stream.ForEachOps$ForEachOp$OfRef.evaluateSequential(ForEachOps.java:174)
	at java.base/java.util.stream.AbstractPipeline.evaluate(AbstractPipeline.java:234)
	at java.base/java.util.stream.ReferencePipeline.forEachOrdered(ReferencePipeline.java:601)
	at java.base/java.util.Optional.ifPresent(Optional.java:178)
	at java.base/java.util.ArrayList.forEach(ArrayList.java:1596)
	at java.base/java.util.ArrayList.forEach(ArrayList.java:1596)
]]></failure>
    <system-out><![CDATA[---------------------------------------------------------
feature: classpath:features/postapi.feature
scenarios:  1 | passed:  0 | failed:  1 | time: 1.4360
---------------------------------------------------------

]]></system-out>
  </testcase>
  <testcase name="[1:15] create a user using above data" classname="features/putapi" time="2.116">
    <failure message="status code was: 404, expected: 200, response time in milliseconds: 1339, url: https://gorest.co.in/public/v1/users/7861586, response: &#10;{&quot;meta&quot;:null,&quot;data&quot;:{&quot;message&quot;:&quot;Resource not found&quot;}}&#10;classpath:features/putapi.feature:20" type="org.opentest4j.AssertionFailedError"><![CDATA[org.opentest4j.AssertionFailedError: 
status code was: 404, expected: 200, response time in milliseconds: 1339, url: https://gorest.co.in/public/v1/users/7861586, response: 
{"meta":null,"data":{"message":"Resource not found"}}
classpath:features/putapi.feature:20
	at com.intuit.karate.junit5.FeatureNode.lambda$next$1(FeatureNode.java:86)
	at java.base/java.util.stream.ForEachOps$ForEachOp$OfRef.accept(ForEachOps.java:184)
	at java.base/java.util.stream.ReferencePipeline$3$1.accept(ReferencePipeline.java:197)
	at java.base/java.util.stream.ReferencePipeline$2$1.accept(ReferencePipeline.java:179)
	at java.base/java.util.stream.ReferencePipeline$3$1.accept(ReferencePipeline.java:197)
	at java.base/java.util.Iterator.forEachRemaining(Iterator.java:133)
	at java.base/java.util.Spliterators$IteratorSpliterator.forEachRemaining(Spliterators.java:1939)
	at java.base/java.util.stream.AbstractPipeline.copyInto(AbstractPipeline.java:509)
	at java.base/java.util.stream.AbstractPipeline.wrapAndCopyInto(AbstractPipeline.java:499)
	at java.base/java.util.stream.ForEachOps$ForEachOp.evaluateSequential(ForEachOps.java:151)
	at java.base/java.util.stream.ForEachOps$ForEachOp$OfRef.evaluateSequential(ForEachOps.java:174)
	at java.base/java.util.stream.AbstractPipeline.evaluate(AbstractPipeline.java:234)
	at java.base/java.util.stream.ReferencePipeline.forEachOrdered(ReferencePipeline.java:601)
	at java.base/java.util.Optional.ifPresent(Optional.java:178)
	at java.base/java.util.ArrayList.forEach(ArrayList.java:1596)
	at java.base/java.util.ArrayList.forEach(ArrayList.java:1596)
]]></failure>
    <system-out><![CDATA[---------------------------------------------------------
feature: classpath:features/putapi.feature
scenarios:  1 | passed:  0 | failed:  1 | time: 1.3548
---------------------------------------------------------

Karate version: 1.4.1
======================================================
elapsed:  17.06 | threads:    1 | thread time: 9.40 
features:     3 | skipped:    0 | efficiency: 0.55
scenarios:    3 | passed:     1 | failed: 2
======================================================
>>> failed features:
status code was: 422, expected: 201, response time in milliseconds: 1404, url: https://gorest.co.in/public/v1/users, response: 
{"meta":null,"data":[{"field":"email","message":"has already been taken"}]}
classpath:features/postapi.feature:21
status code was: 404, expected: 200, response time in milliseconds: 1339, url: https://gorest.co.in/public/v1/users/7861586, response: 
{"meta":null,"data":{"message":"Resource not found"}}
classpath:features/putapi.feature:20
<<<

HTML report: (paste into browser to view) | Karate version: 1.4.1
file:///home/abhi/MyWorkspace/karatepractice/target/karate-reports/karate-summary.html
===================================================================

]]></system-out>
  </testcase>
</testsuite>