<?xml version="1.0" encoding="UTF-8"?>
<testsuite xmlns:xsi="http://www.w3.org/2001/XMLSchema-instance" xsi:noNamespaceSchemaLocation="https://maven.apache.org/surefire/maven-surefire-plugin/xsd/surefire-test-report.xsd" version="3.0.1" name="features.JsonTest" time="33.48" tests="18" errors="0" skipped="0" failures="2">
  <properties>
[...]
</properties>
  <testcase name="[1:3] authtoken" classname="features/authtoken" time="7.201">
    <system-out><![CDATA[---------------------------------------------------------
feature: classpath:features/authtoken.feature
scenarios:  1 | passed:  1 | failed:  0 | time: 2.6172
---------------------------------------------------------

]]></system-out>
  </testcase>
  <testcase name="[1:24] delete user" classname="features/deleteapi" time="4.43">
    <system-out><![CDATA[---------------------------------------------------------
feature: classpath:features/deleteapi.feature
scenarios:  1 | passed:  1 | failed:  0 | time: 3.8351
---------------------------------------------------------

]]></system-out>
  </testcase>
  <testcase name="[1:3] get user details" classname="features/getapi" time="1.239">
    <failure message="status code was: 404, expected: 200, response time in milliseconds: 1149, url: https://gorest.co.in/public/v1/users/7848302, response: &#10;{&quot;meta&quot;:null,&quot;data&quot;:{&quot;message&quot;:&quot;Resource not found&quot;}}&#10;classpath:features/getapi.feature:7" type="org.opentest4j.AssertionFailedError"><![CDATA[org.opentest4j.AssertionFailedError: 
status code was: 404, expected: 200, response time in milliseconds: 1149, url: https://gorest.co.in/public/v1/users/7848302, response: 
{"meta":null,"data":{"message":"Resource not found"}}
classpath:features/getapi.feature:7
	at com.intuit.karate.junit5.FeatureNode.lambda$next$1(FeatureNode.java:86)
	at java.base/java.util.stream.ForEachOps$ForEachOp$OfRef.accept(ForEachOps.java:184)
	at java.base/java.util.stream.ReferencePipeline$3$1.accept(ReferencePipeline.java:197)
	at java.base/java.util.stream.ReferencePipeline$2$1.accept(ReferencePipeline.java:179)
	at java.base/java.util.stream.ReferencePipeline$3$1.accept(ReferencePipeline.java:197)
	at java.base/java.util.Iterator.forEachRemaining(Iterator.java:133)
	at java.base/java.util.Spliterators$IteratorSpliterator.forEachRemaining(Spliterators.java:1939)
	at java.base/java.util.stream.AbstractPipeline.copyInto(AbstractPipeline.java:509)
	at java.base/java.util.stream.AbstractPipeline.wrapAndCopyInto(AbstractPipeline.java:499)
	at java.base/java.util.stream.ForEachOps$ForEachOp.evaluateSequential(ForEachOps.java:151)
	at java.base/java.util.stream.ForEachOps$ForEachOp$OfRef.evaluateSequential(ForEachOps.java:174)
	at java.base/java.util.stream.AbstractPipeline.evaluate(AbstractPipeline.java:234)
	at java.base/java.util.stream.ReferencePipeline.forEachOrdered(ReferencePipeline.java:601)
	at java.base/java.util.Optional.ifPresent(Optional.java:178)
	at java.base/java.util.ArrayList.forEach(ArrayList.java:1596)
	at java.base/java.util.ArrayList.forEach(ArrayList.java:1596)
]]></failure>
  </testcase>
  <testcase name="[2:13] get user details not found" classname="features/getapi" time="1.431">
    <system-out><![CDATA[---------------------------------------------------------
feature: classpath:features/getapi.feature
scenarios:  2 | passed:  1 | failed:  1 | time: 2.0846
---------------------------------------------------------

]]></system-out>
  </testcase>
  <testcase name="[1:3] get all active users" classname="features/getapiwith_queryparam" time="1.175"/>
  <testcase name="[2:12] get all active users and get the count" classname="features/getapiwith_queryparam" time="1.876">
    <system-out><![CDATA[---------------------------------------------------------
feature: classpath:features/getapiwith_queryparam.feature
scenarios:  2 | passed:  2 | failed:  0 | time: 2.7688
---------------------------------------------------------

]]></system-out>
  </testcase>
  <testcase name="[1:3] pass the user request with headers_Part1" classname="features/headers" time="1.303"/>
  <testcase name="[2:17] pass the user request with headers_Part2" classname="features/headers" time="0.81"/>
  <testcase name="[3:27] pass the user request with headers_Part3" classname="features/headers" time="1.305">
    <system-out><![CDATA[---------------------------------------------------------
feature: classpath:features/headers.feature
scenarios:  3 | passed:  3 | failed:  0 | time: 2.9887
---------------------------------------------------------

]]></system-out>
  </testcase>
  <testcase name="[1:3] Read and print JSON" classname="features/json" time="0.018"/>
  <testcase name="[2:14] complex json" classname="features/json" time="0.194">
    <system-out><![CDATA[---------------------------------------------------------
feature: classpath:features/json.feature
scenarios:  2 | passed:  2 | failed:  0 | time: 0.0181
---------------------------------------------------------

]]></system-out>
  </testcase>
  <testcase name="[1:16] create a user using above data" classname="features/postapi" time="1.411">
    <system-out><![CDATA[---------------------------------------------------------
feature: classpath:features/postapi.feature
scenarios:  1 | passed:  1 | failed:  0 | time: 1.2267
---------------------------------------------------------

]]></system-out>
  </testcase>
  <testcase name="[1:8] create a user using above data" classname="features/postjsonfile" time="1.753">
    <failure message="status code was: 422, expected: 201, response time in milliseconds: 1324, url: https://gorest.co.in/public/v1/users, response: &#10;{&quot;meta&quot;:null,&quot;data&quot;:[{&quot;field&quot;:&quot;email&quot;,&quot;message&quot;:&quot;has already been taken&quot;}]}&#10;classpath:features/postjsonfile.feature:12" type="org.opentest4j.AssertionFailedError"><![CDATA[org.opentest4j.AssertionFailedError: 
status code was: 422, expected: 201, response time in milliseconds: 1324, url: https://gorest.co.in/public/v1/users, response: 
{"meta":null,"data":[{"field":"email","message":"has already been taken"}]}
classpath:features/postjsonfile.feature:12
	at com.intuit.karate.junit5.FeatureNode.lambda$next$1(FeatureNode.java:86)
	at java.base/java.util.stream.ForEachOps$ForEachOp$OfRef.accept(ForEachOps.java:184)
	at java.base/java.util.stream.ReferencePipeline$3$1.accept(ReferencePipeline.java:197)
	at java.base/java.util.stream.ReferencePipeline$2$1.accept(ReferencePipeline.java:179)
	at java.base/java.util.stream.ReferencePipeline$3$1.accept(ReferencePipeline.java:197)
	at java.base/java.util.Iterator.forEachRemaining(Iterator.java:133)
	at java.base/java.util.Spliterators$IteratorSpliterator.forEachRemaining(Spliterators.java:1939)
	at java.base/java.util.stream.AbstractPipeline.copyInto(AbstractPipeline.java:509)
	at java.base/java.util.stream.AbstractPipeline.wrapAndCopyInto(AbstractPipeline.java:499)
	at java.base/java.util.stream.ForEachOps$ForEachOp.evaluateSequential(ForEachOps.java:151)
	at java.base/java.util.stream.ForEachOps$ForEachOp$OfRef.evaluateSequential(ForEachOps.java:174)
	at java.base/java.util.stream.AbstractPipeline.evaluate(AbstractPipeline.java:234)
	at java.base/java.util.stream.ReferencePipeline.forEachOrdered(ReferencePipeline.java:601)
	at java.base/java.util.Optional.ifPresent(Optional.java:178)
	at java.base/java.util.ArrayList.forEach(ArrayList.java:1596)
	at java.base/java.util.ArrayList.forEach(ArrayList.java:1596)
]]></failure>
    <system-out><![CDATA[---------------------------------------------------------
feature: classpath:features/postjsonfile.feature
scenarios:  1 | passed:  0 | failed:  1 | time: 1.3732
---------------------------------------------------------

]]></system-out>
  </testcase>
  <testcase name="[1:15] create a user using above data" classname="features/putapi" time="1.271">
    <system-out><![CDATA[---------------------------------------------------------
feature: classpath:features/putapi.feature
scenarios:  1 | passed:  1 | failed:  0 | time: 1.1235
---------------------------------------------------------

]]></system-out>
  </testcase>
  <testcase name="[1:13] Create a random email" classname="features/randomemail" time="0.02"/>
  <testcase name="[2:16] create a user using above data" classname="features/randomemail" time="1.549">
    <system-out><![CDATA[---------------------------------------------------------
feature: classpath:features/randomemail.feature
scenarios:  2 | passed:  2 | failed:  0 | time: 1.2790
---------------------------------------------------------

]]></system-out>
  </testcase>
  <testcase name="[1:4] helloworld scenario" classname="features/sample" time="0.071">
    <system-out><![CDATA[---------------------------------------------------------
feature: classpath:features/sample.feature
scenarios:  1 | passed:  1 | failed:  0 | time: 0.0000
---------------------------------------------------------

]]></system-out>
  </testcase>
  <testcase name="[1:24] update a user using above data" classname="features/updateuser" time="3.157">
    <system-out><![CDATA[---------------------------------------------------------
feature: classpath:features/updateuser.feature
scenarios:  1 | passed:  1 | failed:  0 | time: 2.5039
---------------------------------------------------------

Karate version: 1.4.1
======================================================
elapsed:  30.90 | threads:    1 | thread time: 21.82 
features:    12 | skipped:    0 | efficiency: 0.71
scenarios:   18 | passed:    16 | failed: 2
======================================================
>>> failed features:
status code was: 404, expected: 200, response time in milliseconds: 1149, url: https://gorest.co.in/public/v1/users/7848302, response: 
{"meta":null,"data":{"message":"Resource not found"}}
classpath:features/getapi.feature:7
status code was: 422, expected: 201, response time in milliseconds: 1324, url: https://gorest.co.in/public/v1/users, response: 
{"meta":null,"data":[{"field":"email","message":"has already been taken"}]}
classpath:features/postjsonfile.feature:12
<<<

HTML report: (paste into browser to view) | Karate version: 1.4.1
file:///home/abhi/MyWorkspace/karatepractice/target/karate-reports/karate-summary.html
===================================================================

]]></system-out>
  </testcase>
</testsuite>